<?xml version="1.0" encoding="UTF-8"?>
<!-- Generated by org.testng.reporters.JUnitReportReporter -->
<testsuite hostname="DESKTOP-GR0J70L" failures="0" tests="5" name="ModularFrameWork.BasicExtendReportsClass" time="0.043" errors="0" timestamp="2023-05-08T11:25:43 IST" skipped="1">
  <testcase classname="ModularFrameWork.BasicExtendReportsClass" name="launchBrowserandnavigatePage" time="0.014"/>
  <system-out/>
  <testcase classname="ModularFrameWork.BasicExtendReportsClass" name="verfiyLogo" time="0.003"/>
  <system-out/>
  <testcase classname="ModularFrameWork.BasicExtendReportsClass" name="verifytitle" time="0.002"/>
  <system-out/>
  <testcase classname="ModularFrameWork.BasicExtendReportsClass" name="verifyEmail" time="0.022">
    <skipped/>
  </testcase> <!-- verifyEmail -->
  <system-out/>
  <testcase classname="ModularFrameWork.BasicExtendReportsClass" name="verifyUsername" time="0.002"/>
  <system-out/>
</testsuite> <!-- ModularFrameWork.BasicExtendReportsClass -->
