<?xml version="1.0" encoding="UTF-8"?>
<!-- Generated by org.testng.reporters.JUnitReportReporter -->
<testsuite hostname="DESKTOP-GR0J70L" failures="0" tests="2" name="Module1.BeforeClassAfterClass" time="0.017" errors="0" timestamp="2023-03-27T07:59:34 IST" skipped="0">
  <testcase classname="Module1.BeforeClassAfterClass" name="verifytitle" time="0.010"/>
  <system-out/>
  <testcase classname="Module1.BeforeClassAfterClass" name="url" time="0.007"/>
  <system-out/>
</testsuite> <!-- Module1.BeforeClassAfterClass -->
