<?xml version="1.0" encoding="UTF-8"?>
<!-- Generated by org.testng.reporters.JUnitReportReporter -->
<testsuite hostname="DESKTOP-GR0J70L" failures="0" tests="4" name="Module1.BAMethods" time="27.756" errors="0" timestamp="2023-05-03T10:51:26 IST" skipped="0">
  <testcase classname="Module1.BAMethods" name="usercreditinals" time="9.392"/>
  <system-out/>
  <testcase classname="Module1.BAMethods" name="Admin" time="7.079"/>
  <system-out/>
  <testcase classname="Module1.BAMethods" name="Title" time="5.703"/>
  <system-out/>
  <testcase classname="Module1.BAMethods" name="Url" time="5.582"/>
  <system-out/>
</testsuite> <!-- Module1.BAMethods -->
