<?xml version="1.0" encoding="UTF-8"?>
<!-- Generated by org.testng.reporters.JUnitReportReporter -->
<testsuite hostname="DESKTOP-GR0J70L" failures="0" tests="1" name="InsuranceProjectNewTours.class1" time="3.060" errors="0" timestamp="2023-03-27T12:00:43 IST" skipped="0">
  <testcase classname="InsuranceProjectNewTours.class1" name="loginPage" time="3.060"/>
  <system-out/>
</testsuite> <!-- InsuranceProjectNewTours.class1 -->
