<?xml version="1.0" encoding="UTF-8"?>
<!-- Generated by org.testng.reporters.JUnitReportReporter -->
<testsuite hostname="DESKTOP-GR0J70L" failures="0" tests="3" name="Module1.BeforeTestclass2" time="0.209" errors="0" timestamp="2023-03-27T07:50:16 IST" skipped="0">
  <testcase classname="Module1.BeforeTestclass2" name="verifytitle" time="0.011"/>
  <system-out/>
  <testcase classname="Module1.BeforeTestclass2" name="url" time="0.009"/>
  <system-out/>
  <testcase classname="Module1.BeforeTestclass2" name="screenshot" time="0.189"/>
  <system-out/>
</testsuite> <!-- Module1.BeforeTestclass2 -->
