<?xml version="1.0" encoding="UTF-8"?>
<!-- Generated by org.testng.reporters.JUnitReportReporter -->
<testsuite hostname="DESKTOP-GR0J70L" failures="0" tests="4" name="Module1.Program1" time="0.012" errors="0" timestamp="2023-03-21T11:43:38 IST" skipped="0">
  <testcase classname="Module1.Program1" name="add" time="0.009"/>
  <system-out/>
  <testcase classname="Module1.Program1" name="sub" time="0.001"/>
  <system-out/>
  <testcase classname="Module1.Program1" name="mul" time="0.001"/>
  <system-out/>
  <testcase classname="Module1.Program1" name="div" time="0.001"/>
  <system-out/>
</testsuite> <!-- Module1.Program1 -->
