<?xml version="1.0" encoding="UTF-8"?>
<!-- Generated by org.testng.reporters.JUnitReportReporter -->
<testsuite hostname="DESKTOP-GR0J70L" failures="0" tests="4" name="Module1.Google_Page" time="5.782" errors="0" timestamp="2023-03-23T10:30:47 IST" skipped="0">
  <testcase classname="Module1.Google_Page" name="opening_Browser" time="5.595"/>
  <system-out/>
  <testcase classname="Module1.Google_Page" name="title" time="0.015"/>
  <system-out/>
  <testcase classname="Module1.Google_Page" name="url" time="0.011"/>
  <system-out/>
  <testcase classname="Module1.Google_Page" name="close" time="0.161"/>
  <system-out/>
</testsuite> <!-- Module1.Google_Page -->
