<?xml version="1.0" encoding="UTF-8"?>
<!-- Generated by org.testng.reporters.JUnitReportReporter -->
<testsuite hostname="DESKTOP-GR0J70L" failures="0" tests="6" name="InsuranceProjectNewTours.class3" time="4.793" errors="0" timestamp="2023-03-27T12:15:56 IST" skipped="0">
  <testcase classname="InsuranceProjectNewTours.class3" name="EditProfile" time="0.359"/>
  <system-out/>
  <testcase classname="InsuranceProjectNewTours.class3" name="loginPage" time="4.009"/>
  <system-out/>
  <testcase classname="InsuranceProjectNewTours.class3" name="retrivequatation" time="0.120"/>
  <system-out/>
  <testcase classname="InsuranceProjectNewTours.class3" name="RequestQuotation" time="0.106"/>
  <system-out/>
  <testcase classname="InsuranceProjectNewTours.class3" name="profile" time="0.102"/>
  <system-out/>
  <testcase classname="InsuranceProjectNewTours.class3" name="Home" time="0.097"/>
  <system-out/>
</testsuite> <!-- InsuranceProjectNewTours.class3 -->
