<?xml version="1.0" encoding="UTF-8"?>
<!-- Generated by org.testng.reporters.JUnitReportReporter -->
<testsuite hostname="DESKTOP-GR0J70L" failures="0" tests="3" name="Module1.BeforeTestclass3" time="0.181" errors="0" timestamp="2023-03-27T08:02:52 IST" skipped="0">
  <testcase classname="Module1.BeforeTestclass3" name="verifytitle" time="0.010"/>
  <system-out/>
  <testcase classname="Module1.BeforeTestclass3" name="url" time="0.007"/>
  <system-out/>
  <testcase classname="Module1.BeforeTestclass3" name="screenshot" time="0.164"/>
  <system-out/>
</testsuite> <!-- Module1.BeforeTestclass3 -->
