<?xml version="1.0" encoding="UTF-8"?>
<!-- Generated by org.testng.reporters.JUnitReportReporter -->
<testsuite hostname="DESKTOP-GR0J70L" failures="0" tests="2" name="Module1.NewTestDataProviderInternally" time="31.224" errors="0" timestamp="2023-03-29T16:28:50 IST" skipped="0">
  <testcase classname="Module1.NewTestDataProviderInternally" name="login" time="15.268"/>
  <system-out/>
  <testcase classname="Module1.NewTestDataProviderInternally" name="login" time="15.956"/>
  <system-out/>
</testsuite> <!-- Module1.NewTestDataProviderInternally -->
