<?xml version="1.0" encoding="UTF-8"?>
<!-- Generated by org.testng.reporters.JUnitReportReporter -->
<testsuite hostname="DESKTOP-GR0J70L" failures="0" tests="5" name="Module1.Program2" time="0.012" errors="0" timestamp="2023-03-21T11:43:12 IST" skipped="0">
  <testcase classname="Module1.Program2" name="login" time="0.008"/>
  <system-out/>
  <testcase classname="Module1.Program2" name="customer_Details" time="0.001"/>
  <system-out/>
  <testcase classname="Module1.Program2" name="productDetails" time="0.001"/>
  <system-out/>
  <testcase classname="Module1.Program2" name="paymentdetaisl" time="0.001"/>
  <system-out/>
  <testcase classname="Module1.Program2" name="logoff" time="0.001"/>
  <system-out/>
</testsuite> <!-- Module1.Program2 -->
