<?xml version="1.0" encoding="UTF-8"?>
<!-- Generated by org.testng.reporters.JUnitReportReporter -->
<testsuite hostname="DESKTOP-GR0J70L" failures="0" tests="1" name="Module1.BeforeTestclass1" time="0.010" errors="0" timestamp="2023-03-27T08:00:02 IST" skipped="0">
  <testcase classname="Module1.BeforeTestclass1" name="verifytitle" time="0.010"/>
  <system-out/>
</testsuite> <!-- Module1.BeforeTestclass1 -->
