<?xml version="1.0" encoding="UTF-8"?>
<!-- Generated by org.testng.reporters.JUnitReportReporter -->
<testsuite hostname="DESKTOP-GR0J70L" failures="0" tests="2" name="Module1.BeforeAndAfterMehods" time="6.027" errors="0" timestamp="2023-03-27T07:59:03 IST" skipped="0">
  <testcase classname="Module1.BeforeAndAfterMehods" name="verifytitle" time="3.313"/>
  <system-out/>
  <testcase classname="Module1.BeforeAndAfterMehods" name="url" time="2.714"/>
  <system-out/>
</testsuite> <!-- Module1.BeforeAndAfterMehods -->
