<?xml version="1.0" encoding="UTF-8"?>
<!-- Generated by org.testng.reporters.JUnitReportReporter -->
<testsuite hostname="DESKTOP-GR0J70L" failures="0" tests="1" name="testcases.Tc_001_Login" time="16.220" errors="0" timestamp="2023-05-10T11:12:26 IST" skipped="0">
  <testcase classname="testcases.Tc_001_Login" name="test_acc_login" time="16.220"/>
  <system-out/>
</testsuite> <!-- testcases.Tc_001_Login -->
