<?xml version="1.0" encoding="UTF-8"?>
<!-- Generated by org.testng.reporters.JUnitReportReporter -->
<testsuite hostname="DESKTOP-GR0J70L" failures="0" tests="5" name="NaveenSolutions00.TaskMaven.Reporting" time="0.030" errors="0" timestamp="2023-05-09T15:03:26 IST" skipped="1">
  <testcase classname="NaveenSolutions00.TaskMaven.Reporting" name="launchBrowserandnavigatePage" time="0.014"/>
  <system-out/>
  <testcase classname="NaveenSolutions00.TaskMaven.Reporting" name="verifytitle" time="0.001"/>
  <system-out/>
  <testcase classname="NaveenSolutions00.TaskMaven.Reporting" name="verifyEmail" time="0.013">
    <skipped/>
  </testcase> <!-- verifyEmail -->
  <system-out/>
  <testcase classname="NaveenSolutions00.TaskMaven.Reporting" name="verfiyLogo" time="0.001"/>
  <system-out/>
  <testcase classname="NaveenSolutions00.TaskMaven.Reporting" name="verifyUsername" time="0.001"/>
  <system-out/>
</testsuite> <!-- NaveenSolutions00.TaskMaven.Reporting -->
